<html>
<body>
<pre>
<h1>µVision Build Log</h1>
<h2>Tool Versions:</h2>
IDE-Version: ¦ÌVision V5.25.3.0
Copyright (C) 2018 ARM Ltd and ARM Germany GmbH. All rights reserved.
License Information: 23 23, 23, LIC=R4HWF-6TNUN-680FC-7D11T-3KTDB-CDBEX
 
Tool Versions:
Toolchain:       MDK-ARM Professional  Version: 5.18
Toolchain Path:  D:\Keil_5\ARM\ARMCC\Bin
C Compiler:      Armcc.exe V5.06 update 1 (build 61)
Assembler:       Armasm.exe V5.06 update 1 (build 61)
Linker/Locator:  ArmLink.exe V5.06 update 1 (build 61)
Library Manager: ArmAr.exe V5.06 update 1 (build 61)
Hex Converter:   FromElf.exe V5.06 update 1 (build 61)
CPU DLL:         SARMCM3.DLL V5.18
Dialog DLL:      DCM.DLL V1.13.6.0
Target DLL:      Segger\JL2CM3.dll V2.99.18.0
Dialog DLL:      TCM.DLL V1.14.8.0
 
<h2>Project:</h2>
F:\STM32F407_Folder\¹¤³Ì1\demo.uvprojx
Project File Date:  06/18/2019

<h2>Output:</h2>
*** Using Compiler 'V5.06 update 1 (build 61)', folder: 'D:\Keil_5\ARM\ARMCC\Bin'
Build target 'demo'
*** Scatter Error: no default 'Read/Write' range selected
assembling startup_stm32f40_41xxx.s...
startup\startup_stm32f40_41xxx.s(51): error: A1163E: Unknown opcode MODULE , expecting opcode or Macro
startup\startup_stm32f40_41xxx.s(54): error: A1163E: Unknown opcode SECTION , expecting opcode or Macro
startup\startup_stm32f40_41xxx.s(56): error: A1163E: Unknown opcode SECTION , expecting opcode or Macro
startup\startup_stm32f40_41xxx.s(60): error: A1163E: Unknown opcode PUBLIC , expecting opcode or Macro
startup\startup_stm32f40_41xxx.s(62): error: A1159E: Label missing from line start
startup\startup_stm32f40_41xxx.s(63): error: A1355U: A Label was found which was in no AREA
compiling stm32f4xx_crc.c...
compiling stm32f4xx_cryp_des.c...
compiling stm32f4xx_cryp_aes.c...
compiling stm32f4xx_can.c...
compiling stm32f4xx_adc.c...
compiling stm32f4xx_cryp.c...
compiling misc.c...
compiling stm32f4xx_exti.c...
compiling stm32f4xx_cryp_tdes.c...
compiling stm32f4xx_dma.c...
compiling stm32f4xx_dbgmcu.c...
compiling stm32f4xx_dac.c...
compiling stm32f4xx_dcmi.c...
compiling stm32f4xx_dma2d.c...
compiling stm32f4xx_hash.c...
compiling stm32f4xx_flash_ramfunc.c...
compiling stm32f4xx_hash_sha1.c...
compiling stm32f4xx_flash.c...
compiling stm32f4xx_hash_md5.c...
compiling stm32f4xx_gpio.c...
compiling stm32f4xx_fsmc.c...
compiling stm32f4xx_iwdg.c...
compiling stm32f4xx_i2c.c...
compiling stm32f4xx_rcc.c...
compiling stm32f4xx_rng.c...
compiling stm32f4xx_pwr.c...
compiling stm32f4xx_rtc.c...
compiling stm32f4xx_ltdc.c...
compiling stm32f4xx_syscfg.c...
compiling stm32f4xx_spi.c...
compiling stm32f4xx_usart.c...
compiling stm32f4xx_sdio.c...
compiling stm32f4xx_wwdg.c...
compiling stm32f4xx_sai.c...
compiling stm32f4xx_tim.c...
compiling main.c...
.\User\include\include.h(11): error:  #5: cannot open source input file "delay.h": No such file or directory
  #include "delay.h"
User\source\main.c: 0 warnings, 1 error
compiling stm32f4xx_it.c...
.\User\include\include.h(11): error:  #5: cannot open source input file "delay.h": No such file or directory
  #include "delay.h"
User\source\stm32f4xx_it.c: 0 warnings, 1 error
compiling system_stm32f4xx.c...
".\Output\demo.axf" - 8 Error(s), 0 Warning(s).

<h2>Software Packages used:</h2>

Package Vendor: ARM
                http://www.keil.com/pack/ARM.CMSIS.4.5.0.pack
                ARM.CMSIS.4.5.0
                CMSIS (Cortex Microcontroller Software Interface Standard)

<h2>Collection of Component include folders:</h2>
  .\RTE\_demo
  D:\Keil_5\ARM\PACK\ARM\CMSIS\4.5.0\Device\ARM\ARMCM4\Include

<h2>Collection of Component Files used:</h2>
Target not created.
Build Time Elapsed:  00:00:09
</pre>
</body>
</html>
